<?xml version="1.0" encoding="UTF-8"?>
<!-- Generated by org.testng.reporters.JUnitReportReporter -->
<testsuite hostname="Selcuk-Once" name="com.automationpractice.demo.ExtentReportDemo" tests="1" failures="0" timestamp="11 Oct 2019 00:24:54 GMT" time="2.923" errors="0">
  <testcase name="Login_with_invalid_userid" time="2.923" classname="com.automationpractice.demo.ExtentReportDemo"/>
</testsuite> <!-- com.automationpractice.demo.ExtentReportDemo -->
