<?xml version="1.0" encoding="UTF-8"?>
<!-- Generated by org.testng.reporters.JUnitReportReporter -->
<testsuite hostname="Selcuk-Once" name="com.herokuapp.the_internet.SortableDataTables" tests="1" failures="0" timestamp="13 Oct 2019 14:12:57 GMT" time="0.996" errors="0">
  <testcase name="example1Table" time="0.996" classname="com.herokuapp.the_internet.SortableDataTables"/>
</testsuite> <!-- com.herokuapp.the_internet.SortableDataTables -->
