<?xml version="1.0" encoding="UTF-8"?>
<!-- Generated by org.testng.reporters.JUnitReportReporter -->
<testsuite hostname="Selcuk-Once" name="warm_up_tasks.WarmUpDay77" tests="1" failures="0" timestamp="12 Oct 2019 14:46:16 GMT" time="0.124" errors="0">
  <testcase name="mapTask" time="0.124" classname="warm_up_tasks.WarmUpDay77"/>
</testsuite> <!-- warm_up_tasks.WarmUpDay77 -->
