<?xml version="1.0" encoding="UTF-8"?>
<!-- Generated by org.testng.reporters.JUnitReportReporter -->
<testsuite hostname="Selcuk-Once" name="com.herokuapp.testLeaf.Checkbox" tests="2" failures="0" timestamp="5 Oct 2019 17:53:12 GMT" time="9.606" errors="0">
  <testcase name="checkboxTest1" time="9.484" classname="com.herokuapp.testLeaf.Checkbox"/>
  <testcase name="checkboxTest2" time="0.122" classname="com.herokuapp.testLeaf.Checkbox"/>
</testsuite> <!-- com.herokuapp.testLeaf.Checkbox -->
