<?xml version="1.0" encoding="UTF-8"?>
<!-- Generated by org.testng.reporters.JUnitReportReporter -->
<testsuite hostname="Selcuk-Once" name="com.automationpractice.login.LoginTestWithReporting" tests="1" failures="0" timestamp="9 Oct 2019 01:56:54 GMT" time="5.499" errors="0">
  <testcase name="loginWithValidUserIdAndPassword" time="5.499" classname="com.automationpractice.login.LoginTestWithReporting"/>
</testsuite> <!-- com.automationpractice.login.LoginTestWithReporting -->
