<?xml version="1.0" encoding="UTF-8"?>
<!-- Generated by org.testng.reporters.JUnitReportReporter -->
<testsuite hostname="Selcuk-Once" name="com.herokuapp.the_internet.FileUpload" tests="1" failures="0" timestamp="5 Oct 2019 18:04:39 GMT" time="9.865" errors="0">
  <testcase name="fileUpload" time="9.865" classname="com.herokuapp.the_internet.FileUpload"/>
</testsuite> <!-- com.herokuapp.the_internet.FileUpload -->
