<?xml version="1.0" encoding="UTF-8"?>
<!-- Generated by org.testng.reporters.JUnitReportReporter -->
<testsuite hostname="Selcuk-Once" name="com.herokuapp.testLeaf.Table" tests="1" failures="0" timestamp="6 Oct 2019 17:47:58 GMT" time="0.137" errors="0">
  <testcase name="tabletest1" time="0.137" classname="com.herokuapp.testLeaf.Table"/>
</testsuite> <!-- com.herokuapp.testLeaf.Table -->
