<?xml version="1.0" encoding="UTF-8"?>
<!-- Generated by org.testng.reporters.JUnitReportReporter -->
<testsuite hostname="Selcuk-Once" name="com.automationpractice.user_registration.UserRegistration" tests="1" failures="0" timestamp="5 Oct 2019 18:51:47 GMT" time="8.657" errors="0">
  <testcase name="userRegistration" time="8.657" classname="com.automationpractice.user_registration.UserRegistration"/>
</testsuite> <!-- com.automationpractice.user_registration.UserRegistration -->
