<?xml version="1.0" encoding="UTF-8"?>
<!-- Generated by org.testng.reporters.JUnitReportReporter -->
<testsuite hostname="Selcuk-Once" name="com.automationpractice.login.FileDownload" tests="1" failures="0" timestamp="5 Oct 2019 18:45:45 GMT" time="6.500" errors="0">
  <testcase name="fileDwonloadTest1" time="6.500" classname="com.automationpractice.login.FileDownload"/>
</testsuite> <!-- com.automationpractice.login.FileDownload -->
