<?xml version="1.0" encoding="UTF-8"?>
<!-- Generated by org.testng.reporters.JUnitReportReporter -->
<testsuite hostname="Selcuk-Once" name="com.automationpractice.demo.TestNGDataProviderDemo" tests="3" failures="0" timestamp="4 Oct 2019 01:27:37 GMT" time="0.016" errors="0">
  <testcase name="calculateMortgageMonthlyPayment" time="0.000" classname="com.automationpractice.demo.TestNGDataProviderDemo"/>
  <testcase name="calculateMortgageMonthlyPayment" time="0.016" classname="com.automationpractice.demo.TestNGDataProviderDemo"/>
  <testcase name="calculateMortgageMonthlyPayment" time="0.000" classname="com.automationpractice.demo.TestNGDataProviderDemo"/>
</testsuite> <!-- com.automationpractice.demo.TestNGDataProviderDemo -->
