<?xml version="1.0" encoding="UTF-8"?>
<!-- Generated by org.testng.reporters.JUnitReportReporter -->
<testsuite hostname="Selcuk-Once" name="com.automationpractice.demo.TestNGAnnotations" tests="2" failures="0" timestamp="1 Oct 2019 23:39:13 GMT" time="0.004" errors="0">
  <testcase name="testTwo" time="0.000" classname="com.automationpractice.demo.TestNGAnnotations"/>
  <testcase name="testOne" time="0.004" classname="com.automationpractice.demo.TestNGAnnotations"/>
</testsuite> <!-- com.automationpractice.demo.TestNGAnnotations -->
